<?xml version="1.0" encoding="UTF-8"?>
<!-- Generated by org.testng.reporters.JUnitReportReporter -->
<testsuite hostname="LAPTOP-199OVTP7" failures="0" tests="1" name="getAllValuesUsingJsonNode.GetAllValuesFromNestedJsonUsingJsonNode" time="3.328" errors="0" timestamp="2021-06-28T21:57:07 BST" skipped="0">
  <testcase classname="getAllValuesUsingJsonNode.GetAllValuesFromNestedJsonUsingJsonNode" name="getAllValuesFromNestedJSON" time="3.328"/>
  <system-out/>
</testsuite> <!-- getAllValuesUsingJsonNode.GetAllValuesFromNestedJsonUsingJsonNode -->
