<?xml version="1.0" encoding="UTF-8"?>
<!-- Generated by org.testng.reporters.JUnitReportReporter -->
<testsuite hostname="LAPTOP-199OVTP7" failures="0" tests="1" name="jsonPathUsage.JsonPathUsageTogetDatfROMrESP" time="3.428" errors="0" timestamp="2021-06-27T01:29:59 BST" skipped="0">
  <testcase classname="jsonPathUsage.JsonPathUsageTogetDatfROMrESP" name="getAllValuesFromNestedJSON" time="3.428"/>
  <system-out/>
</testsuite> <!-- jsonPathUsage.JsonPathUsageTogetDatfROMrESP -->
