<?xml version="1.0" encoding="UTF-8"?>
<!-- Generated by org.testng.reporters.JUnitReportReporter -->
<testsuite hostname="LAPTOP-199OVTP7" failures="0" tests="1" name="jsonSchemaValidationUsingHamcrest.JsonSchemaValidationUsingHamcrestLib" time="3.366" errors="0" timestamp="2021-06-27T01:13:26 BST" skipped="0">
  <testcase classname="jsonSchemaValidationUsingHamcrest.JsonSchemaValidationUsingHamcrestLib" name="getAllValuesFromNestedJSON" time="3.366"/>
  <system-out/>
</testsuite> <!-- jsonSchemaValidationUsingHamcrest.JsonSchemaValidationUsingHamcrestLib -->
